Determining if the pthread_create exist failed with the following output:
Change Dir: /home/luheng/pointCloud/torchOPtest/build/CMakeFiles/CMakeTmp

Run Build Command:"/usr/bin/make" "cmTC_86bb8/fast"
/usr/bin/make -f CMakeFiles/cmTC_86bb8.dir/build.make CMakeFiles/cmTC_86bb8.dir/build
make[1]: Entering directory '/home/luheng/pointCloud/torchOPtest/build/CMakeFiles/CMakeTmp'
Building C object CMakeFiles/cmTC_86bb8.dir/CheckSymbolExists.c.o
/usr/bin/cc     -o CMakeFiles/cmTC_86bb8.dir/CheckSymbolExists.c.o   -c /home/luheng/pointCloud/torchOPtest/build/CMakeFiles/CMakeTmp/CheckSymbolExists.c
Linking C executable cmTC_86bb8
/usr/bin/cmake -E cmake_link_script CMakeFiles/cmTC_86bb8.dir/link.txt --verbose=1
/usr/bin/cc       CMakeFiles/cmTC_86bb8.dir/CheckSymbolExists.c.o  -o cmTC_86bb8 -rdynamic 
CMakeFiles/cmTC_86bb8.dir/CheckSymbolExists.c.o: In function `main':
CheckSymbolExists.c:(.text+0x16): undefined reference to `pthread_create'
collect2: error: ld returned 1 exit status
CMakeFiles/cmTC_86bb8.dir/build.make:97: recipe for target 'cmTC_86bb8' failed
make[1]: *** [cmTC_86bb8] Error 1
make[1]: Leaving directory '/home/luheng/pointCloud/torchOPtest/build/CMakeFiles/CMakeTmp'
Makefile:126: recipe for target 'cmTC_86bb8/fast' failed
make: *** [cmTC_86bb8/fast] Error 2

File /home/luheng/pointCloud/torchOPtest/build/CMakeFiles/CMakeTmp/CheckSymbolExists.c:
/* */
#include <pthread.h>

int main(int argc, char** argv)
{
  (void)argv;
#ifndef pthread_create
  return ((int*)(&pthread_create))[argc];
#else
  (void)argc;
  return 0;
#endif
}

Determining if the function pthread_create exists in the pthreads failed with the following output:
Change Dir: /home/luheng/pointCloud/torchOPtest/build/CMakeFiles/CMakeTmp

Run Build Command:"/usr/bin/make" "cmTC_d1c9c/fast"
/usr/bin/make -f CMakeFiles/cmTC_d1c9c.dir/build.make CMakeFiles/cmTC_d1c9c.dir/build
make[1]: Entering directory '/home/luheng/pointCloud/torchOPtest/build/CMakeFiles/CMakeTmp'
Building C object CMakeFiles/cmTC_d1c9c.dir/CheckFunctionExists.c.o
/usr/bin/cc    -DCHECK_FUNCTION_EXISTS=pthread_create   -o CMakeFiles/cmTC_d1c9c.dir/CheckFunctionExists.c.o   -c /usr/share/cmake-3.5/Modules/CheckFunctionExists.c
Linking C executable cmTC_d1c9c
/usr/bin/cmake -E cmake_link_script CMakeFiles/cmTC_d1c9c.dir/link.txt --verbose=1
/usr/bin/cc   -DCHECK_FUNCTION_EXISTS=pthread_create    CMakeFiles/cmTC_d1c9c.dir/CheckFunctionExists.c.o  -o cmTC_d1c9c -rdynamic -lpthreads 
/usr/bin/ld: cannot find -lpthreads
collect2: error: ld returned 1 exit status
CMakeFiles/cmTC_d1c9c.dir/build.make:97: recipe for target 'cmTC_d1c9c' failed
make[1]: *** [cmTC_d1c9c] Error 1
make[1]: Leaving directory '/home/luheng/pointCloud/torchOPtest/build/CMakeFiles/CMakeTmp'
Makefile:126: recipe for target 'cmTC_d1c9c/fast' failed
make: *** [cmTC_d1c9c/fast] Error 2


Performing C SOURCE FILE Test CMAKE_HAVE_LIBC_PTHREAD failed with the following output:
Change Dir: /home/luheng/pointCloud/torchOPtest/build/CMakeFiles/CMakeTmp

Run Build Command(s):/usr/bin/make cmTC_037fa/fast && /usr/bin/make -f CMakeFiles/cmTC_037fa.dir/build.make CMakeFiles/cmTC_037fa.dir/build
make[1]: Entering directory '/home/luheng/pointCloud/torchOPtest/build/CMakeFiles/CMakeTmp'
Building C object CMakeFiles/cmTC_037fa.dir/src.c.o
/usr/bin/cc   -DCMAKE_HAVE_LIBC_PTHREAD   -o CMakeFiles/cmTC_037fa.dir/src.c.o   -c /home/luheng/pointCloud/torchOPtest/build/CMakeFiles/CMakeTmp/src.c
Linking C executable cmTC_037fa
/home/luheng/mytools/cmake-3.16.0/bin/cmake -E cmake_link_script CMakeFiles/cmTC_037fa.dir/link.txt --verbose=1
/usr/bin/cc  -DCMAKE_HAVE_LIBC_PTHREAD    -rdynamic CMakeFiles/cmTC_037fa.dir/src.c.o  -o cmTC_037fa 
CMakeFiles/cmTC_037fa.dir/src.c.o: In function `main':
src.c:(.text+0x3c): undefined reference to `pthread_create'
src.c:(.text+0x48): undefined reference to `pthread_detach'
src.c:(.text+0x59): undefined reference to `pthread_join'
src.c:(.text+0x6d): undefined reference to `pthread_atfork'
collect2: error: ld returned 1 exit status
CMakeFiles/cmTC_037fa.dir/build.make:86: recipe for target 'cmTC_037fa' failed
make[1]: *** [cmTC_037fa] Error 1
make[1]: Leaving directory '/home/luheng/pointCloud/torchOPtest/build/CMakeFiles/CMakeTmp'
Makefile:121: recipe for target 'cmTC_037fa/fast' failed
make: *** [cmTC_037fa/fast] Error 2


Source file was:
#include <pthread.h>

void* test_func(void* data)
{
  return data;
}

int main(void)
{
  pthread_t thread;
  pthread_create(&thread, NULL, test_func, NULL);
  pthread_detach(thread);
  pthread_join(thread, NULL);
  pthread_atfork(NULL, NULL, NULL);
  pthread_exit(NULL);

  return 0;
}

